IP Upgrade report for Ver2
Sat Feb 11 18:35:35 2023
Quartus Prime Version 18.1.0 Build 625 09/12/2018 SJ Lite Edition


---------------------
; Table of Contents ;
---------------------
  1. Legal Notice
  2. IP Upgrade Summary
  3. Successfully Upgraded IP Components
  4. IP Upgrade Messages



----------------
; Legal Notice ;
----------------
Copyright (C) 2018  Intel Corporation. All rights reserved.
Your use of Intel Corporation's design tools, logic functions 
and other software and tools, and its AMPP partner logic 
functions, and any output files from any of the foregoing 
(including device programming or simulation files), and any 
associated documentation or information are expressly subject 
to the terms and conditions of the Intel Program License 
Subscription Agreement, the Intel Quartus Prime License Agreement,
the Intel FPGA IP License Agreement, or other applicable license
agreement, including, without limitation, that your use is for
the sole purpose of programming logic devices manufactured by
Intel and sold by Intel or its authorized distributors.  Please
refer to the applicable agreement for further details.



+----------------------------------------------------------------------------+
; IP Upgrade Summary                                                         ;
+------------------------------+---------------------------------------------+
; IP Components Upgrade Status ; Passed - Sat Feb 11 18:35:35 2023           ;
; Quartus Prime Version        ; 18.1.0 Build 625 09/12/2018 SJ Lite Edition ;
; Revision Name                ; Ver2                                        ;
; Top-level Entity Name        ; Lab7                                        ;
; Family                       ; Cyclone IV E                                ;
+------------------------------+---------------------------------------------+


+--------------------------------------------------------------------------------------------------------------------------------------------------------------+
; Successfully Upgraded IP Components                                                                                                                          ;
+--------------+----------------+---------+-----------------------------------------+----------------------+-----------------------------------------+---------+
; Entity Name  ; Component Name ; Version ; Original Source File                    ; Generation File Path ; New Source File                         ; Message ;
+--------------+----------------+---------+-----------------------------------------+----------------------+-----------------------------------------+---------+
; DE2_115_SOPC ; Qsys           ; 17.1    ; DE2_115_SOPC/synthesis/DE2_115_SOPC.qip ; DE2_115_SOPC.qsys    ; DE2_115_SOPC/synthesis/DE2_115_SOPC.qip ;         ;
+--------------+----------------+---------+-----------------------------------------+----------------------+-----------------------------------------+---------+


+---------------------+
; IP Upgrade Messages ;
+---------------------+
Info (11902): Backing up file "DE2_115_SOPC.qsys" to "DE2_115_SOPC.BAK.qsys"
Info (11902): Backing up file "DE2_115_SOPC/synthesis/DE2_115_SOPC.v" to "DE2_115_SOPC.BAK.v"
Info (11837): Started upgrading IP component Qsys with file "DE2_115_SOPC.qsys"
Info: 2023.02.11.18:34:49 Info: Starting to upgrade the IP cores in the Platform Designer system
Info: 2023.02.11.18:34:49 Info: Finished upgrading the ip cores
Info: 2023.02.11.18:34:55 Info: Saving generation log to C:/Users/pgk/TFE4208/LabV18/Lab7/DE2_115_SOPC
Info: 2023.02.11.18:34:55 Info: Starting: Create simulation model
Info: 2023.02.11.18:34:55 Info: qsys-generate C:\Users\pgk\TFE4208\LabV18\Lab7\DE2_115_SOPC.qsys --simulation=VERILOG --allow-mixed-language-simulation --output-directory=C:\Users\pgk\TFE4208\LabV18\Lab7\DE2_115_SOPC\simulation --family="Cyclone IV E" --part=EP4CE115F29C7
Info: 2023.02.11.18:34:55 Info: Loading Lab7
Info: 2023.02.11.18:34:55 Info: Reading input file
Info: 2023.02.11.18:34:55 Info: Adding clk_50 [clock_source 18.1]
Info: 2023.02.11.18:34:55 Info: Parameterizing module clk_50
Info: 2023.02.11.18:34:55 Info: Adding cpu [altera_nios2_gen2 18.1]
Info: 2023.02.11.18:34:55 Info: Parameterizing module cpu
Info: 2023.02.11.18:34:55 Info: Adding jtag_uart [altera_avalon_jtag_uart 18.1]
Info: 2023.02.11.18:34:55 Info: Parameterizing module jtag_uart
Info: 2023.02.11.18:34:55 Info: Adding onchip_memory2 [altera_avalon_onchip_memory2 18.1]
Info: 2023.02.11.18:34:55 Info: Parameterizing module onchip_memory2
Info: 2023.02.11.18:34:55 Info: Adding pio_led [altera_avalon_pio 18.1]
Info: 2023.02.11.18:34:55 Info: Parameterizing module pio_led
Info: 2023.02.11.18:34:55 Info: Building connections
Info: 2023.02.11.18:34:55 Info: Parameterizing connections
Info: 2023.02.11.18:34:55 Info: Validating
Info: 2023.02.11.18:34:55 Info: Done reading input file
Info: 2023.02.11.18:34:56 Info: DE2_115_SOPC.jtag_uart: JTAG UART IP input clock need to be at least double (2x) the operating frequency of JTAG TCK on board
Info: 2023.02.11.18:34:56 Info: DE2_115_SOPC: Generating DE2_115_SOPC "DE2_115_SOPC" for SIM_VERILOG
Info: 2023.02.11.18:34:59 Info: cpu: "DE2_115_SOPC" instantiated altera_nios2_gen2 "cpu"
Info: 2023.02.11.18:34:59 Info: jtag_uart: Starting RTL generation for module 'DE2_115_SOPC_jtag_uart'
Info: 2023.02.11.18:34:59 Info: jtag_uart:   Generation command is [exec C:/programs/intelfpga_lite/18.1/quartus/bin64/perl/bin/perl.exe -I C:/programs/intelfpga_lite/18.1/quartus/bin64/perl/lib -I C:/programs/intelfpga_lite/18.1/quartus/sopc_builder/bin/europa -I C:/programs/intelfpga_lite/18.1/quartus/sopc_builder/bin/perl_lib -I C:/programs/intelfpga_lite/18.1/quartus/sopc_builder/bin -I C:/programs/intelfpga_lite/18.1/quartus/../ip/altera/sopc_builder_ip/common -I C:/programs/intelfpga_lite/18.1/quartus/../ip/altera/sopc_builder_ip/altera_avalon_jtag_uart -- C:/programs/intelfpga_lite/18.1/quartus/../ip/altera/sopc_builder_ip/altera_avalon_jtag_uart/generate_rtl.pl --name=DE2_115_SOPC_jtag_uart --dir=C:/Users/pgk/AppData/Local/Temp/alt9399_8002267177203055369.dir/0002_jtag_uart_gen/ --quartus_dir=C:/programs/intelfpga_lite/18.1/quartus --verilog --config=C:/Users/pgk/AppData/Local/Temp/alt9399_8002267177203055369.dir/0002_jtag_uart_gen//DE2_115_SOPC_jtag_uart_component_configuration.pl  --do_build_sim=1    --sim_dir=C:/Users/pgk/AppData/Local/Temp/alt9399_8002267177203055369.dir/0002_jtag_uart_gen
Info: 2023.02.11.18:34:59 Info: jtag_uart: Done RTL generation for module 'DE2_115_SOPC_jtag_uart'
Info: 2023.02.11.18:34:59 Info: jtag_uart: "DE2_115_SOPC" instantiated altera_avalon_jtag_uart "jtag_uart"
Info: 2023.02.11.18:34:59 Info: onchip_memory2: Starting RTL generation for module 'DE2_115_SOPC_onchip_memory2'
Info: 2023.02.11.18:34:59 Info: onchip_memory2:   Generation command is [exec C:/programs/intelfpga_lite/18.1/quartus/bin64/perl/bin/perl.exe -I C:/programs/intelfpga_lite/18.1/quartus/bin64/perl/lib -I C:/programs/intelfpga_lite/18.1/quartus/sopc_builder/bin/europa -I C:/programs/intelfpga_lite/18.1/quartus/sopc_builder/bin/perl_lib -I C:/programs/intelfpga_lite/18.1/quartus/sopc_builder/bin -I C:/programs/intelfpga_lite/18.1/quartus/../ip/altera/sopc_builder_ip/common -I C:/programs/intelfpga_lite/18.1/quartus/../ip/altera/sopc_builder_ip/altera_avalon_onchip_memory2 -- C:/programs/intelfpga_lite/18.1/quartus/../ip/altera/sopc_builder_ip/altera_avalon_onchip_memory2/generate_rtl.pl --name=DE2_115_SOPC_onchip_memory2 --dir=C:/Users/pgk/AppData/Local/Temp/alt9399_8002267177203055369.dir/0003_onchip_memory2_gen/ --quartus_dir=C:/programs/intelfpga_lite/18.1/quartus --verilog --config=C:/Users/pgk/AppData/Local/Temp/alt9399_8002267177203055369.dir/0003_onchip_memory2_gen//DE2_115_SOPC_onchip_memory2_component_configuration.pl  --do_build_sim=1    --sim_dir=C:/Users/pgk/AppData/Local/Temp/alt9399_8002267177203055369.dir/0003_onchip_memory2_gen
Info: 2023.02.11.18:35:00 Info: onchip_memory2: Done RTL generation for module 'DE2_115_SOPC_onchip_memory2'
Info: 2023.02.11.18:35:00 Info: onchip_memory2: "DE2_115_SOPC" instantiated altera_avalon_onchip_memory2 "onchip_memory2"
Info: 2023.02.11.18:35:00 Info: pio_led: Starting RTL generation for module 'DE2_115_SOPC_pio_led'
Info: 2023.02.11.18:35:00 Info: pio_led:   Generation command is [exec C:/programs/intelfpga_lite/18.1/quartus/bin64/perl/bin/perl.exe -I C:/programs/intelfpga_lite/18.1/quartus/bin64/perl/lib -I C:/programs/intelfpga_lite/18.1/quartus/sopc_builder/bin/europa -I C:/programs/intelfpga_lite/18.1/quartus/sopc_builder/bin/perl_lib -I C:/programs/intelfpga_lite/18.1/quartus/sopc_builder/bin -I C:/programs/intelfpga_lite/18.1/quartus/../ip/altera/sopc_builder_ip/common -I C:/programs/intelfpga_lite/18.1/quartus/../ip/altera/sopc_builder_ip/altera_avalon_pio -- C:/programs/intelfpga_lite/18.1/quartus/../ip/altera/sopc_builder_ip/altera_avalon_pio/generate_rtl.pl --name=DE2_115_SOPC_pio_led --dir=C:/Users/pgk/AppData/Local/Temp/alt9399_8002267177203055369.dir/0004_pio_led_gen/ --quartus_dir=C:/programs/intelfpga_lite/18.1/quartus --verilog --config=C:/Users/pgk/AppData/Local/Temp/alt9399_8002267177203055369.dir/0004_pio_led_gen//DE2_115_SOPC_pio_led_component_configuration.pl  --do_build_sim=1    --sim_dir=C:/Users/pgk/AppData/Local/Temp/alt9399_8002267177203055369.dir/0004_pio_led_gen
Info: 2023.02.11.18:35:00 Info: pio_led: Done RTL generation for module 'DE2_115_SOPC_pio_led'
Info: 2023.02.11.18:35:00 Info: pio_led: "DE2_115_SOPC" instantiated altera_avalon_pio "pio_led"
Info: 2023.02.11.18:35:02 Info: avalon_st_adapter: Inserting error_adapter: error_adapter_0
Info: 2023.02.11.18:35:02 Info: avalon_st_adapter_001: Inserting error_adapter: error_adapter_0
Info: 2023.02.11.18:35:02 Info: avalon_st_adapter_002: Inserting error_adapter: error_adapter_0
Info: 2023.02.11.18:35:02 Info: avalon_st_adapter_003: Inserting error_adapter: error_adapter_0
Info: 2023.02.11.18:35:03 Info: mm_interconnect_0: "DE2_115_SOPC" instantiated altera_mm_interconnect "mm_interconnect_0"
Info: 2023.02.11.18:35:03 Info: irq_mapper: "DE2_115_SOPC" instantiated altera_irq_mapper "irq_mapper"
Info: 2023.02.11.18:35:03 Info: rst_controller: "DE2_115_SOPC" instantiated altera_reset_controller "rst_controller"
Info: 2023.02.11.18:35:03 Info: cpu: Starting RTL generation for module 'DE2_115_SOPC_cpu_cpu'
Info: 2023.02.11.18:35:03 Info: cpu:   Generation command is [exec C:/Programs/intelFPGA_lite/18.1/quartus/bin64//eperlcmd.exe -I C:/Programs/intelFPGA_lite/18.1/quartus/bin64//perl/lib -I C:/programs/intelfpga_lite/18.1/quartus/sopc_builder/bin/europa -I C:/programs/intelfpga_lite/18.1/quartus/sopc_builder/bin/perl_lib -I C:/programs/intelfpga_lite/18.1/quartus/sopc_builder/bin -I C:/programs/intelfpga_lite/18.1/quartus/../ip/altera/nios2_ip/altera_nios2_gen2/cpu_lib -I C:/programs/intelfpga_lite/18.1/quartus/../ip/altera/nios2_ip/altera_nios2_gen2/nios_lib -I C:/programs/intelfpga_lite/18.1/quartus/../ip/altera/nios2_ip/altera_nios2_gen2 -I C:/programs/intelfpga_lite/18.1/quartus/../ip/altera/nios2_ip/altera_nios2_gen2 -- C:/programs/intelfpga_lite/18.1/quartus/../ip/altera/nios2_ip/altera_nios2_gen2/generate_rtl.epl --name=DE2_115_SOPC_cpu_cpu --dir=C:/Users/pgk/AppData/Local/Temp/alt9399_8002267177203055369.dir/0007_cpu_gen/ --quartus_bindir=C:/Programs/intelFPGA_lite/18.1/quartus/bin64/ --verilog --config=C:/Users/pgk/AppData/Local/Temp/alt9399_8002267177203055369.dir/0007_cpu_gen//DE2_115_SOPC_cpu_cpu_processor_configuration.pl  --do_build_sim=1    --sim_dir=C:/Users/pgk/AppData/Local/Temp/alt9399_8002267177203055369.dir/0007_cpu_gen
Info: 2023.02.11.18:35:20 Info: cpu: # 2023.02.11 18:35:04 (*) Starting Nios II generation
Info: 2023.02.11.18:35:20 Info: cpu: # 2023.02.11 18:35:04 (*)   Checking for plaintext license.
Info: 2023.02.11.18:35:20 Info: cpu: # 2023.02.11 18:35:04 (*)   Plaintext license not found.
Info: 2023.02.11.18:35:20 Info: cpu: # 2023.02.11 18:35:04 (*)   Checking for encrypted license (non-evaluation).
Info: 2023.02.11.18:35:20 Info: cpu: # 2023.02.11 18:35:05 (*)   Encrypted license found.  SOF will not be time-limited.
Info: 2023.02.11.18:35:20 Info: cpu: # 2023.02.11 18:35:05 (*)   Elaborating CPU configuration settings
Info: 2023.02.11.18:35:20 Info: cpu: # 2023.02.11 18:35:05 (*)   Creating all objects for CPU
Info: 2023.02.11.18:35:20 Info: cpu: # 2023.02.11 18:35:05 (*)     Testbench
Info: 2023.02.11.18:35:20 Info: cpu: # 2023.02.11 18:35:05 (*)     Instruction decoding
Info: 2023.02.11.18:35:20 Info: cpu: # 2023.02.11 18:35:05 (*)       Instruction fields
Info: 2023.02.11.18:35:20 Info: cpu: # 2023.02.11 18:35:05 (*)       Instruction decodes
Info: 2023.02.11.18:35:20 Info: cpu: # 2023.02.11 18:35:05 (*)       Signals for RTL simulation waveforms
Info: 2023.02.11.18:35:20 Info: cpu: # 2023.02.11 18:35:05 (*)       Instruction controls
Info: 2023.02.11.18:35:20 Info: cpu: # 2023.02.11 18:35:05 (*)     Pipeline frontend
Info: 2023.02.11.18:35:20 Info: cpu: # 2023.02.11 18:35:05 (*)     Pipeline backend
Info: 2023.02.11.18:35:20 Info: cpu: # 2023.02.11 18:35:07 (*)   Creating 'C:/Users/pgk/AppData/Local/Temp/alt9399_8002267177203055369.dir/0007_cpu_gen/
Info: 2023.02.11.18:35:20 Info: cpu: # 2023.02.11 18:35:07 (*)   Generating RTL from CPU objects
Info: 2023.02.11.18:35:20 Info: cpu: # 2023.02.11 18:35:08 (*)   Creating encrypted RTL
Info: 2023.02.11.18:35:20 Info: cpu: # 2023.02.11 18:35:08 (*)   Creating IP functional simulation model
Info: 2023.02.11.18:35:20 Info: cpu: # 2023.02.11 18:35:20 (*) Done Nios II generation
Info: 2023.02.11.18:35:20 Info: cpu: Done RTL generation for module 'DE2_115_SOPC_cpu_cpu'
Info: 2023.02.11.18:35:20 Info: cpu: "cpu" instantiated altera_nios2_gen2_unit "cpu"
Info: 2023.02.11.18:35:20 Info: cpu_data_master_translator: "mm_interconnect_0" instantiated altera_merlin_master_translator "cpu_data_master_translator"
Info: 2023.02.11.18:35:20 Info: jtag_uart_avalon_jtag_slave_translator: "mm_interconnect_0" instantiated altera_merlin_slave_translator "jtag_uart_avalon_jtag_slave_translator"
Info: 2023.02.11.18:35:20 Info: cpu_data_master_agent: "mm_interconnect_0" instantiated altera_merlin_master_agent "cpu_data_master_agent"
Info: 2023.02.11.18:35:20 Info: jtag_uart_avalon_jtag_slave_agent: "mm_interconnect_0" instantiated altera_merlin_slave_agent "jtag_uart_avalon_jtag_slave_agent"
Info: 2023.02.11.18:35:20 Info: jtag_uart_avalon_jtag_slave_agent_rsp_fifo: "mm_interconnect_0" instantiated altera_avalon_sc_fifo "jtag_uart_avalon_jtag_slave_agent_rsp_fifo"
Info: 2023.02.11.18:35:20 Info: router: "mm_interconnect_0" instantiated altera_merlin_router "router"
Info: 2023.02.11.18:35:20 Info: router_001: "mm_interconnect_0" instantiated altera_merlin_router "router_001"
Info: 2023.02.11.18:35:20 Info: router_002: "mm_interconnect_0" instantiated altera_merlin_router "router_002"
Info: 2023.02.11.18:35:20 Info: router_003: "mm_interconnect_0" instantiated altera_merlin_router "router_003"
Info: 2023.02.11.18:35:20 Info: cpu_data_master_limiter: "mm_interconnect_0" instantiated altera_merlin_traffic_limiter "cpu_data_master_limiter"
Info: 2023.02.11.18:35:20 Info: Reusing file C:/Users/pgk/TFE4208/LabV18/Lab7/DE2_115_SOPC/simulation/submodules
Info: 2023.02.11.18:35:20 Info: cmd_demux: "mm_interconnect_0" instantiated altera_merlin_demultiplexer "cmd_demux"
Info: 2023.02.11.18:35:20 Info: cmd_demux_001: "mm_interconnect_0" instantiated altera_merlin_demultiplexer "cmd_demux_001"
Info: 2023.02.11.18:35:20 Info: cmd_mux: "mm_interconnect_0" instantiated altera_merlin_multiplexer "cmd_mux"
Info: 2023.02.11.18:35:20 Info: cmd_mux_001: "mm_interconnect_0" instantiated altera_merlin_multiplexer "cmd_mux_001"
Info: 2023.02.11.18:35:20 Info: Reusing file C:/Users/pgk/TFE4208/LabV18/Lab7/DE2_115_SOPC/simulation/submodules
Info: 2023.02.11.18:35:20 Info: rsp_demux: "mm_interconnect_0" instantiated altera_merlin_demultiplexer "rsp_demux"
Info: 2023.02.11.18:35:20 Info: rsp_demux_001: "mm_interconnect_0" instantiated altera_merlin_demultiplexer "rsp_demux_001"
Info: 2023.02.11.18:35:20 Info: rsp_mux: "mm_interconnect_0" instantiated altera_merlin_multiplexer "rsp_mux"
Info: 2023.02.11.18:35:20 Info: Reusing file C:/Users/pgk/TFE4208/LabV18/Lab7/DE2_115_SOPC/simulation/submodules
Info: 2023.02.11.18:35:20 Info: rsp_mux_001: "mm_interconnect_0" instantiated altera_merlin_multiplexer "rsp_mux_001"
Info: 2023.02.11.18:35:20 Info: Reusing file C:/Users/pgk/TFE4208/LabV18/Lab7/DE2_115_SOPC/simulation/submodules
Info: 2023.02.11.18:35:21 Info: avalon_st_adapter: "mm_interconnect_0" instantiated altera_avalon_st_adapter "avalon_st_adapter"
Info: 2023.02.11.18:35:21 Info: error_adapter_0: "avalon_st_adapter" instantiated error_adapter "error_adapter_0"
Info: 2023.02.11.18:35:21 Info: DE2_115_SOPC: Done "DE2_115_SOPC" with 29 modules, 61 files
Info: 2023.02.11.18:35:21 Info: qsys-generate succeeded.
Info: 2023.02.11.18:35:21 Info: Finished: Create simulation model
Info: 2023.02.11.18:35:21 Info: Starting: Create Modelsim Project.
Info: 2023.02.11.18:35:21 Info: sim-script-gen --spd=C:\Users\pgk\TFE4208\LabV18\Lab7\DE2_115_SOPC\DE2_115_SOPC.spd --output-directory=C:/Users/pgk/TFE4208/LabV18/Lab7/DE2_115_SOPC/simulation
Info: 2023.02.11.18:35:21 Info: Doing: ip-make-simscript --spd=C:\Users\pgk\TFE4208\LabV18\Lab7\DE2_115_SOPC\DE2_115_SOPC.spd --output-directory=C:/Users/pgk/TFE4208/LabV18/Lab7/DE2_115_SOPC/simulation
Info: 2023.02.11.18:35:21 Info: Generating the following file(s) for MODELSIM simulator in C:/Users/pgk/TFE4208/LabV18/Lab7/DE2_115_SOPC/simulation
Info: 2023.02.11.18:35:21 Info:     mentor
Info: 2023.02.11.18:35:21 Info: Generating the following file(s) for VCS simulator in C:/Users/pgk/TFE4208/LabV18/Lab7/DE2_115_SOPC/simulation
Info: 2023.02.11.18:35:21 Info:     synopsys/vcs
Info: 2023.02.11.18:35:21 Info: Generating the following file(s) for VCSMX simulator in C:/Users/pgk/TFE4208/LabV18/Lab7/DE2_115_SOPC/simulation
Info: 2023.02.11.18:35:21 Info:     synopsys/vcsmx
Info: 2023.02.11.18:35:21 Info:     synopsys/vcsmx
Info: 2023.02.11.18:35:21 Info: Generating the following file(s) for NCSIM simulator in C:/Users/pgk/TFE4208/LabV18/Lab7/DE2_115_SOPC/simulation
Info: 2023.02.11.18:35:21 Info:     cadence
Info: 2023.02.11.18:35:21 Info:     cadence
Info: 2023.02.11.18:35:21 Info:     cadence
Info: 2023.02.11.18:35:21 Info:     27 .cds.lib files in cadence/cds_libs
Info: 2023.02.11.18:35:21 Info: Generating the following file(s) for RIVIERA simulator in C:/Users/pgk/TFE4208/LabV18/Lab7/DE2_115_SOPC/simulation
Info: 2023.02.11.18:35:21 Info:     aldec
Info: 2023.02.11.18:35:21 Info: For information on how to simulate your IP, see the explanatory comments in the simulator-specific subdirectories under C:/Users/pgk/TFE4208/LabV18/Lab7/DE2_115_SOPC/simulation
Info: 2023.02.11.18:35:21 Info: Regenerate these scripts whenever you make any change to any Quartus-generated IP in your project.
Info: 2023.02.11.18:35:21 Info: Finished: Create Modelsim Project.
Info: 2023.02.11.18:35:21 Info: Starting: Create block symbol file (.bsf)
Info: 2023.02.11.18:35:21 Info: qsys-generate C:\Users\pgk\TFE4208\LabV18\Lab7\DE2_115_SOPC.qsys --block-symbol-file --output-directory=C:\Users\pgk\TFE4208\LabV18\Lab7\DE2_115_SOPC --family="Cyclone IV E" --part=EP4CE115F29C7
Info: 2023.02.11.18:35:21 Info: Loading Lab7
Info: 2023.02.11.18:35:22 Info: Reading input file
Info: 2023.02.11.18:35:22 Info: Adding clk_50 [clock_source 18.1]
Info: 2023.02.11.18:35:22 Info: Parameterizing module clk_50
Info: 2023.02.11.18:35:22 Info: Adding cpu [altera_nios2_gen2 18.1]
Info: 2023.02.11.18:35:22 Info: Parameterizing module cpu
Info: 2023.02.11.18:35:22 Info: Adding jtag_uart [altera_avalon_jtag_uart 18.1]
Info: 2023.02.11.18:35:22 Info: Parameterizing module jtag_uart
Info: 2023.02.11.18:35:22 Info: Adding onchip_memory2 [altera_avalon_onchip_memory2 18.1]
Info: 2023.02.11.18:35:22 Info: Parameterizing module onchip_memory2
Info: 2023.02.11.18:35:22 Info: Adding pio_led [altera_avalon_pio 18.1]
Info: 2023.02.11.18:35:22 Info: Parameterizing module pio_led
Info: 2023.02.11.18:35:22 Info: Building connections
Info: 2023.02.11.18:35:22 Info: Parameterizing connections
Info: 2023.02.11.18:35:22 Info: Validating
Info: 2023.02.11.18:35:22 Info: Done reading input file
Info: 2023.02.11.18:35:22 Info: DE2_115_SOPC.jtag_uart: JTAG UART IP input clock need to be at least double (2x) the operating frequency of JTAG TCK on board
Info: 2023.02.11.18:35:23 Info: qsys-generate succeeded.
Info: 2023.02.11.18:35:23 Info: Finished: Create block symbol file (.bsf)
2023.02.11.18:35:23 Info:
Info: 2023.02.11.18:35:23 Info: Starting: Create HDL design files for synthesis
Info: 2023.02.11.18:35:23 Info: qsys-generate C:\Users\pgk\TFE4208\LabV18\Lab7\DE2_115_SOPC.qsys --synthesis=VERILOG --output-directory=C:\Users\pgk\TFE4208\LabV18\Lab7\DE2_115_SOPC\synthesis --family="Cyclone IV E" --part=EP4CE115F29C7
Info: 2023.02.11.18:35:23 Info: Loading Lab7
Info: 2023.02.11.18:35:23 Info: Reading input file
Info: 2023.02.11.18:35:23 Info: Adding clk_50 [clock_source 18.1]
Info: 2023.02.11.18:35:23 Info: Parameterizing module clk_50
Info: 2023.02.11.18:35:23 Info: Adding cpu [altera_nios2_gen2 18.1]
Info: 2023.02.11.18:35:23 Info: Parameterizing module cpu
Info: 2023.02.11.18:35:23 Info: Adding jtag_uart [altera_avalon_jtag_uart 18.1]
Info: 2023.02.11.18:35:23 Info: Parameterizing module jtag_uart
Info: 2023.02.11.18:35:23 Info: Adding onchip_memory2 [altera_avalon_onchip_memory2 18.1]
Info: 2023.02.11.18:35:23 Info: Parameterizing module onchip_memory2
Info: 2023.02.11.18:35:23 Info: Adding pio_led [altera_avalon_pio 18.1]
Info: 2023.02.11.18:35:23 Info: Parameterizing module pio_led
Info: 2023.02.11.18:35:23 Info: Building connections
Info: 2023.02.11.18:35:23 Info: Parameterizing connections
Info: 2023.02.11.18:35:23 Info: Validating
Info: 2023.02.11.18:35:23 Info: Done reading input file
Info: 2023.02.11.18:35:24 Info: DE2_115_SOPC.jtag_uart: JTAG UART IP input clock need to be at least double (2x) the operating frequency of JTAG TCK on board
Info: 2023.02.11.18:35:24 Info: DE2_115_SOPC: Generating DE2_115_SOPC "DE2_115_SOPC" for QUARTUS_SYNTH
Info: 2023.02.11.18:35:26 Info: cpu: "DE2_115_SOPC" instantiated altera_nios2_gen2 "cpu"
Info: 2023.02.11.18:35:26 Info: jtag_uart: Starting RTL generation for module 'DE2_115_SOPC_jtag_uart'
Info: 2023.02.11.18:35:26 Info: jtag_uart:   Generation command is [exec C:/programs/intelfpga_lite/18.1/quartus/bin64/perl/bin/perl.exe -I C:/programs/intelfpga_lite/18.1/quartus/bin64/perl/lib -I C:/programs/intelfpga_lite/18.1/quartus/sopc_builder/bin/europa -I C:/programs/intelfpga_lite/18.1/quartus/sopc_builder/bin/perl_lib -I C:/programs/intelfpga_lite/18.1/quartus/sopc_builder/bin -I C:/programs/intelfpga_lite/18.1/quartus/../ip/altera/sopc_builder_ip/common -I C:/programs/intelfpga_lite/18.1/quartus/../ip/altera/sopc_builder_ip/altera_avalon_jtag_uart -- C:/programs/intelfpga_lite/18.1/quartus/../ip/altera/sopc_builder_ip/altera_avalon_jtag_uart/generate_rtl.pl --name=DE2_115_SOPC_jtag_uart --dir=C:/Users/pgk/AppData/Local/Temp/alt9399_8002267177203055369.dir/0028_jtag_uart_gen/ --quartus_dir=C:/programs/intelfpga_lite/18.1/quartus --verilog --config=C:/Users/pgk/AppData/Local/Temp/alt9399_8002267177203055369.dir/0028_jtag_uart_gen/
Info: 2023.02.11.18:35:26 Info: jtag_uart: Done RTL generation for module 'DE2_115_SOPC_jtag_uart'
Info: 2023.02.11.18:35:26 Info: jtag_uart: "DE2_115_SOPC" instantiated altera_avalon_jtag_uart "jtag_uart"
Info: 2023.02.11.18:35:26 Info: onchip_memory2: Starting RTL generation for module 'DE2_115_SOPC_onchip_memory2'
Info: 2023.02.11.18:35:26 Info: onchip_memory2:   Generation command is [exec C:/programs/intelfpga_lite/18.1/quartus/bin64/perl/bin/perl.exe -I C:/programs/intelfpga_lite/18.1/quartus/bin64/perl/lib -I C:/programs/intelfpga_lite/18.1/quartus/sopc_builder/bin/europa -I C:/programs/intelfpga_lite/18.1/quartus/sopc_builder/bin/perl_lib -I C:/programs/intelfpga_lite/18.1/quartus/sopc_builder/bin -I C:/programs/intelfpga_lite/18.1/quartus/../ip/altera/sopc_builder_ip/common -I C:/programs/intelfpga_lite/18.1/quartus/../ip/altera/sopc_builder_ip/altera_avalon_onchip_memory2 -- C:/programs/intelfpga_lite/18.1/quartus/../ip/altera/sopc_builder_ip/altera_avalon_onchip_memory2/generate_rtl.pl --name=DE2_115_SOPC_onchip_memory2 --dir=C:/Users/pgk/AppData/Local/Temp/alt9399_8002267177203055369.dir/0029_onchip_memory2_gen/ --quartus_dir=C:/programs/intelfpga_lite/18.1/quartus --verilog --config=C:/Users/pgk/AppData/Local/Temp/alt9399_8002267177203055369.dir/0029_onchip_memory2_gen/
Info: 2023.02.11.18:35:27 Info: onchip_memory2: Done RTL generation for module 'DE2_115_SOPC_onchip_memory2'
Info: 2023.02.11.18:35:27 Info: onchip_memory2: "DE2_115_SOPC" instantiated altera_avalon_onchip_memory2 "onchip_memory2"
Info: 2023.02.11.18:35:27 Info: pio_led: Starting RTL generation for module 'DE2_115_SOPC_pio_led'
Info: 2023.02.11.18:35:27 Info: pio_led:   Generation command is [exec C:/programs/intelfpga_lite/18.1/quartus/bin64/perl/bin/perl.exe -I C:/programs/intelfpga_lite/18.1/quartus/bin64/perl/lib -I C:/programs/intelfpga_lite/18.1/quartus/sopc_builder/bin/europa -I C:/programs/intelfpga_lite/18.1/quartus/sopc_builder/bin/perl_lib -I C:/programs/intelfpga_lite/18.1/quartus/sopc_builder/bin -I C:/programs/intelfpga_lite/18.1/quartus/../ip/altera/sopc_builder_ip/common -I C:/programs/intelfpga_lite/18.1/quartus/../ip/altera/sopc_builder_ip/altera_avalon_pio -- C:/programs/intelfpga_lite/18.1/quartus/../ip/altera/sopc_builder_ip/altera_avalon_pio/generate_rtl.pl --name=DE2_115_SOPC_pio_led --dir=C:/Users/pgk/AppData/Local/Temp/alt9399_8002267177203055369.dir/0030_pio_led_gen/ --quartus_dir=C:/programs/intelfpga_lite/18.1/quartus --verilog --config=C:/Users/pgk/AppData/Local/Temp/alt9399_8002267177203055369.dir/0030_pio_led_gen/
Info: 2023.02.11.18:35:27 Info: pio_led: Done RTL generation for module 'DE2_115_SOPC_pio_led'
Info: 2023.02.11.18:35:27 Info: pio_led: "DE2_115_SOPC" instantiated altera_avalon_pio "pio_led"
Info: 2023.02.11.18:35:28 Info: avalon_st_adapter: Inserting error_adapter: error_adapter_0
Info: 2023.02.11.18:35:28 Info: avalon_st_adapter_001: Inserting error_adapter: error_adapter_0
Info: 2023.02.11.18:35:28 Info: avalon_st_adapter_002: Inserting error_adapter: error_adapter_0
Info: 2023.02.11.18:35:28 Info: avalon_st_adapter_003: Inserting error_adapter: error_adapter_0
Info: 2023.02.11.18:35:29 Info: mm_interconnect_0: "DE2_115_SOPC" instantiated altera_mm_interconnect "mm_interconnect_0"
Info: 2023.02.11.18:35:29 Info: irq_mapper: "DE2_115_SOPC" instantiated altera_irq_mapper "irq_mapper"
Info: 2023.02.11.18:35:29 Info: rst_controller: "DE2_115_SOPC" instantiated altera_reset_controller "rst_controller"
Info: 2023.02.11.18:35:29 Info: cpu: Starting RTL generation for module 'DE2_115_SOPC_cpu_cpu'
Info: 2023.02.11.18:35:29 Info: cpu:   Generation command is [exec C:/Programs/intelFPGA_lite/18.1/quartus/bin64//eperlcmd.exe -I C:/Programs/intelFPGA_lite/18.1/quartus/bin64//perl/lib -I C:/programs/intelfpga_lite/18.1/quartus/sopc_builder/bin/europa -I C:/programs/intelfpga_lite/18.1/quartus/sopc_builder/bin/perl_lib -I C:/programs/intelfpga_lite/18.1/quartus/sopc_builder/bin -I C:/programs/intelfpga_lite/18.1/quartus/../ip/altera/nios2_ip/altera_nios2_gen2/cpu_lib -I C:/programs/intelfpga_lite/18.1/quartus/../ip/altera/nios2_ip/altera_nios2_gen2/nios_lib -I C:/programs/intelfpga_lite/18.1/quartus/../ip/altera/nios2_ip/altera_nios2_gen2 -I C:/programs/intelfpga_lite/18.1/quartus/../ip/altera/nios2_ip/altera_nios2_gen2 -- C:/programs/intelfpga_lite/18.1/quartus/../ip/altera/nios2_ip/altera_nios2_gen2/generate_rtl.epl --name=DE2_115_SOPC_cpu_cpu --dir=C:/Users/pgk/AppData/Local/Temp/alt9399_8002267177203055369.dir/0033_cpu_gen/ --quartus_bindir=C:/Programs/intelFPGA_lite/18.1/quartus/bin64/ --verilog --config=C:/Users/pgk/AppData/Local/Temp/alt9399_8002267177203055369.dir/0033_cpu_gen/
Info: 2023.02.11.18:35:34 Info: cpu: # 2023.02.11 18:35:30 (*) Starting Nios II generation
Info: 2023.02.11.18:35:34 Info: cpu: # 2023.02.11 18:35:30 (*)   Checking for plaintext license.
Info: 2023.02.11.18:35:34 Info: cpu: # 2023.02.11 18:35:30 (*)   Plaintext license not found.
Info: 2023.02.11.18:35:34 Info: cpu: # 2023.02.11 18:35:30 (*)   Checking for encrypted license (non-evaluation).
Info: 2023.02.11.18:35:34 Info: cpu: # 2023.02.11 18:35:31 (*)   Encrypted license found.  SOF will not be time-limited.
Info: 2023.02.11.18:35:34 Info: cpu: # 2023.02.11 18:35:31 (*)   Elaborating CPU configuration settings
Info: 2023.02.11.18:35:34 Info: cpu: # 2023.02.11 18:35:31 (*)   Creating all objects for CPU
Info: 2023.02.11.18:35:34 Info: cpu: # 2023.02.11 18:35:31 (*)     Testbench
Info: 2023.02.11.18:35:34 Info: cpu: # 2023.02.11 18:35:31 (*)     Instruction decoding
Info: 2023.02.11.18:35:34 Info: cpu: # 2023.02.11 18:35:31 (*)       Instruction fields
Info: 2023.02.11.18:35:34 Info: cpu: # 2023.02.11 18:35:31 (*)       Instruction decodes
Info: 2023.02.11.18:35:34 Info: cpu: # 2023.02.11 18:35:31 (*)       Signals for RTL simulation waveforms
Info: 2023.02.11.18:35:34 Info: cpu: # 2023.02.11 18:35:31 (*)       Instruction controls
Info: 2023.02.11.18:35:34 Info: cpu: # 2023.02.11 18:35:31 (*)     Pipeline frontend
Info: 2023.02.11.18:35:34 Info: cpu: # 2023.02.11 18:35:31 (*)     Pipeline backend
Info: 2023.02.11.18:35:34 Info: cpu: # 2023.02.11 18:35:33 (*)   Generating RTL from CPU objects
Info: 2023.02.11.18:35:34 Info: cpu: # 2023.02.11 18:35:34 (*)   Creating encrypted RTL
Info: 2023.02.11.18:35:34 Info: cpu: # 2023.02.11 18:35:34 (*) Done Nios II generation
Info: 2023.02.11.18:35:34 Info: cpu: Done RTL generation for module 'DE2_115_SOPC_cpu_cpu'
Info: 2023.02.11.18:35:34 Info: cpu: "cpu" instantiated altera_nios2_gen2_unit "cpu"
Info: 2023.02.11.18:35:34 Info: cpu_data_master_translator: "mm_interconnect_0" instantiated altera_merlin_master_translator "cpu_data_master_translator"
Info: 2023.02.11.18:35:34 Info: jtag_uart_avalon_jtag_slave_translator: "mm_interconnect_0" instantiated altera_merlin_slave_translator "jtag_uart_avalon_jtag_slave_translator"
Info: 2023.02.11.18:35:34 Info: cpu_data_master_agent: "mm_interconnect_0" instantiated altera_merlin_master_agent "cpu_data_master_agent"
Info: 2023.02.11.18:35:34 Info: jtag_uart_avalon_jtag_slave_agent: "mm_interconnect_0" instantiated altera_merlin_slave_agent "jtag_uart_avalon_jtag_slave_agent"
Info: 2023.02.11.18:35:34 Info: jtag_uart_avalon_jtag_slave_agent_rsp_fifo: "mm_interconnect_0" instantiated altera_avalon_sc_fifo "jtag_uart_avalon_jtag_slave_agent_rsp_fifo"
Info: 2023.02.11.18:35:34 Info: router: "mm_interconnect_0" instantiated altera_merlin_router "router"
Info: 2023.02.11.18:35:34 Info: router_001: "mm_interconnect_0" instantiated altera_merlin_router "router_001"
Info: 2023.02.11.18:35:34 Info: router_002: "mm_interconnect_0" instantiated altera_merlin_router "router_002"
Info: 2023.02.11.18:35:34 Info: router_003: "mm_interconnect_0" instantiated altera_merlin_router "router_003"
Info: 2023.02.11.18:35:34 Info: cpu_data_master_limiter: "mm_interconnect_0" instantiated altera_merlin_traffic_limiter "cpu_data_master_limiter"
Info: 2023.02.11.18:35:34 Info: Reusing file C:/Users/pgk/TFE4208/LabV18/Lab7/DE2_115_SOPC/synthesis/submodules
Info: 2023.02.11.18:35:34 Info: cmd_demux: "mm_interconnect_0" instantiated altera_merlin_demultiplexer "cmd_demux"
Info: 2023.02.11.18:35:34 Info: cmd_demux_001: "mm_interconnect_0" instantiated altera_merlin_demultiplexer "cmd_demux_001"
Info: 2023.02.11.18:35:34 Info: cmd_mux: "mm_interconnect_0" instantiated altera_merlin_multiplexer "cmd_mux"
Info: 2023.02.11.18:35:34 Info: cmd_mux_001: "mm_interconnect_0" instantiated altera_merlin_multiplexer "cmd_mux_001"
Info: 2023.02.11.18:35:34 Info: Reusing file C:/Users/pgk/TFE4208/LabV18/Lab7/DE2_115_SOPC/synthesis/submodules
Info: 2023.02.11.18:35:34 Info: rsp_demux: "mm_interconnect_0" instantiated altera_merlin_demultiplexer "rsp_demux"
Info: 2023.02.11.18:35:34 Info: rsp_demux_001: "mm_interconnect_0" instantiated altera_merlin_demultiplexer "rsp_demux_001"
Info: 2023.02.11.18:35:34 Info: rsp_mux: "mm_interconnect_0" instantiated altera_merlin_multiplexer "rsp_mux"
Info: 2023.02.11.18:35:34 Info: Reusing file C:/Users/pgk/TFE4208/LabV18/Lab7/DE2_115_SOPC/synthesis/submodules
Info: 2023.02.11.18:35:34 Info: rsp_mux_001: "mm_interconnect_0" instantiated altera_merlin_multiplexer "rsp_mux_001"
Info: 2023.02.11.18:35:34 Info: Reusing file C:/Users/pgk/TFE4208/LabV18/Lab7/DE2_115_SOPC/synthesis/submodules
Info: 2023.02.11.18:35:35 Info: avalon_st_adapter: "mm_interconnect_0" instantiated altera_avalon_st_adapter "avalon_st_adapter"
Info: 2023.02.11.18:35:35 Info: error_adapter_0: "avalon_st_adapter" instantiated error_adapter "error_adapter_0"
Info: 2023.02.11.18:35:35 Info: DE2_115_SOPC: Done "DE2_115_SOPC" with 29 modules, 49 files
Info: 2023.02.11.18:35:35 Info: qsys-generate succeeded.
Info: 2023.02.11.18:35:35 Info: Finished: Create HDL design files for synthesis
Info (11131): Completed upgrading IP component Qsys with file "DE2_115_SOPC.qsys"
Info (23030): Evaluation of Tcl script c:/programs/intelfpga_lite/18.1/quartus/common/tcl/internal/ip_regen/ip_regen.tcl was successful
Info: Quartus Prime Shell was successful. 0 errors, 0 warnings
    Info: Peak virtual memory: 4918 megabytes
    Info: Processing ended: Sat Feb 11 18:35:35 2023
    Info: Elapsed time: 00:00:59
    Info: Total CPU time (on all processors): 00:01:24


